# JRE version: Java(TM) SE Runtime Environment (17.0.2+8) (build 17.0.2+8-LTS-86)
# Java VM: Java HotSpot(TM) 64-Bit Server VM (17.0.2+8-LTS-86, mixed mode, emulated-client, sharing, tiered, compressed oops, compressed class ptrs, g1 gc, windows-amd64)
GC Precious Log:
 CPUs: 12 total, 12 available
 Memory: 16322M
 Large Page Support: Disabled
 NUMA Support: Disabled
 Compressed Oops: Enabled (Zero based)
 Heap Region Size: 2M
 Heap Min Capacity: 8M
 Heap Initial Capacity: 256M
 Heap Max Capacity: 4082M
 Pre-touch: Disabled
 Parallel Workers: 10
 Concurrent Workers: 3
 Concurrent Refinement Workers: 10
 Periodic GC: Disabled
Heap:
 garbage-first heap   total 75776K, used 41569K [0x0000000700e00000, 0x0000000800000000)
  region size 2048K, 12 young (24576K), 0 survivors (0K)
 Metaspace       used 54203K, committed 55616K, reserved 1097728K
  class space    used 7471K, committed 7808K, reserved 1048576K
GC Heap History (20 events):
Event: 261.793 GC heap before
{Heap before GC invocations=23 (full 4):
 garbage-first heap   total 75776K, used 25474K [0x0000000700e00000, 0x0000000800000000)
  region size 2048K, 4 young (8192K), 3 survivors (6144K)
 Metaspace       used 53949K, committed 54528K, reserved 1097728K
  class space    used 7408K, committed 7680K, reserved 1048576K
}
Event: 261.825 GC heap after
{Heap after GC invocations=24 (full 5):
 garbage-first heap   total 75776K, used 21542K [0x0000000700e00000, 0x0000000800000000)
  region size 2048K, 0 young (0K), 0 survivors (0K)
 Metaspace       used 53722K, committed 54528K, reserved 1097728K
  class space    used 7387K, committed 7680K, reserved 1048576K
}
Event: 262.037 GC heap before
{Heap before GC invocations=24 (full 5):
 garbage-first heap   total 75776K, used 56358K [0x0000000700e00000, 0x0000000800000000)
  region size 2048K, 17 young (34816K), 0 survivors (0K)
 Metaspace       used 53767K, committed 54528K, reserved 1097728K
  class space    used 7398K, committed 7680K, reserved 1048576K
}
Event: 262.039 GC heap after
{Heap after GC invocations=25 (full 5):
 garbage-first heap   total 212992K, used 24156K [0x0000000700e00000, 0x0000000800000000)
  region size 2048K, 2 young (4096K), 2 survivors (4096K)
 Metaspace       used 53767K, committed 54528K, reserved 1097728K
  class space    used 7398K, committed 7680K, reserved 1048576K
}
Event: 453.555 GC heap before
{Heap before GC invocations=25 (full 5):
 garbage-first heap   total 212992K, used 75356K [0x0000000700e00000, 0x0000000800000000)
  region size 2048K, 28 young (57344K), 2 survivors (4096K)
 Metaspace       used 54227K, committed 54784K, reserved 1097728K
  class space    used 7446K, committed 7680K, reserved 1048576K
}
Event: 453.581 GC heap after
{Heap after GC invocations=26 (full 6):
 garbage-first heap   total 96256K, used 23274K [0x0000000700e00000, 0x0000000800000000)
  region size 2048K, 0 young (0K), 0 survivors (0K)
 Metaspace       used 54221K, committed 54784K, reserved 1097728K
  class space    used 7445K, committed 7680K, reserved 1048576K
}
Event: 453.941 GC heap before
{Heap before GC invocations=26 (full 6):
 garbage-first heap   total 96256K, used 68330K [0x0000000700e00000, 0x0000000800000000)
  region size 2048K, 22 young (45056K), 0 survivors (0K)
 Metaspace       used 54526K, committed 55104K, reserved 1097728K
  class space    used 7483K, committed 7744K, reserved 1048576K
}
Event: 453.943 GC heap after
{Heap after GC invocations=27 (full 6):
 garbage-first heap   total 96256K, used 26727K [0x0000000700e00000, 0x0000000800000000)
  region size 2048K, 2 young (4096K), 2 survivors (4096K)
 Metaspace       used 54526K, committed 55104K, reserved 1097728K
  class space    used 7483K, committed 7744K, reserved 1048576K
}
Event: 472.923 GC heap before
{Heap before GC invocations=27 (full 6):
 garbage-first heap   total 96256K, used 51303K [0x0000000700e00000, 0x0000000800000000)
  region size 2048K, 15 young (30720K), 2 survivors (4096K)
 Metaspace       used 54573K, committed 55168K, reserved 1097728K
  class space    used 7490K, committed 7744K, reserved 1048576K
}
Event: 472.948 GC heap after
{Heap after GC invocations=28 (full 7):
 garbage-first heap   total 81920K, used 21498K [0x0000000700e00000, 0x0000000800000000)
  region size 2048K, 0 young (0K), 0 survivors (0K)
 Metaspace       used 54563K, committed 55168K, reserved 1097728K
  class space    used 7489K, committed 7744K, reserved 1048576K
}
Event: 473.178 GC heap before
{Heap before GC invocations=28 (full 7):
 garbage-first heap   total 81920K, used 60410K [0x0000000700e00000, 0x0000000800000000)
  region size 2048K, 19 young (38912K), 0 survivors (0K)
 Metaspace       used 54645K, committed 55232K, reserved 1097728K
  class space    used 7505K, committed 7744K, reserved 1048576K
}
Event: 473.180 GC heap after
{Heap after GC invocations=29 (full 7):
 garbage-first heap   total 81920K, used 24462K [0x0000000700e00000, 0x0000000800000000)
  region size 2048K, 2 young (4096K), 2 survivors (4096K)
 Metaspace       used 54645K, committed 55232K, reserved 1097728K
  class space    used 7505K, committed 7744K, reserved 1048576K
}
Event: 626.112 GC heap before
{Heap before GC invocations=29 (full 7):
 garbage-first heap   total 81920K, used 59278K [0x0000000700e00000, 0x0000000800000000)
  region size 2048K, 20 young (40960K), 2 survivors (4096K)
 Metaspace       used 54856K, committed 55488K, reserved 1097728K
  class space    used 7521K, committed 7808K, reserved 1048576K
}
Event: 626.136 GC heap after
{Heap after GC invocations=30 (full 8):
 garbage-first heap   total 81920K, used 21704K [0x0000000700e00000, 0x0000000800000000)
  region size 2048K, 0 young (0K), 0 survivors (0K)
 Metaspace       used 54850K, committed 55488K, reserved 1097728K
  class space    used 7520K, committed 7808K, reserved 1048576K
}
Event: 626.382 GC heap before
{Heap before GC invocations=30 (full 8):
 garbage-first heap   total 81920K, used 60616K [0x0000000700e00000, 0x0000000800000000)
  region size 2048K, 19 young (38912K), 0 survivors (0K)
 Metaspace       used 54926K, committed 55552K, reserved 1097728K
  class space    used 7535K, committed 7808K, reserved 1048576K
}
Event: 626.383 GC heap after
{Heap after GC invocations=31 (full 8):
 garbage-first heap   total 81920K, used 24573K [0x0000000700e00000, 0x0000000800000000)
  region size 2048K, 2 young (4096K), 2 survivors (4096K)
 Metaspace       used 54926K, committed 55552K, reserved 1097728K
  class space    used 7535K, committed 7808K, reserved 1048576K
}
Event: 810.252 GC heap before
{Heap before GC invocations=31 (full 8):
 garbage-first heap   total 81920K, used 61437K [0x0000000700e00000, 0x0000000800000000)
  region size 2048K, 20 young (40960K), 2 survivors (4096K)
 Metaspace       used 55108K, committed 55744K, reserved 1097728K
  class space    used 7548K, committed 7808K, reserved 1048576K
}
Event: 810.254 GC heap after
{Heap after GC invocations=32 (full 8):
 garbage-first heap   total 81920K, used 25800K [0x0000000700e00000, 0x0000000800000000)
  region size 2048K, 2 young (4096K), 2 survivors (4096K)
 Metaspace       used 55108K, committed 55744K, reserved 1097728K
  class space    used 7548K, committed 7808K, reserved 1048576K
}
Event: 1532.003 GC heap before
{Heap before GC invocations=32 (full 8):
 garbage-first heap   total 81920K, used 56520K [0x0000000700e00000, 0x0000000800000000)
  region size 2048K, 18 young (36864K), 2 survivors (4096K)
 Metaspace       used 55110K, committed 55744K, reserved 1097728K
  class space    used 7548K, committed 7808K, reserved 1048576K
}
Event: 1532.030 GC heap after
{Heap after GC invocations=33 (full 9):
 garbage-first heap   total 75776K, used 19041K [0x0000000700e00000, 0x0000000800000000)
  region size 2048K, 0 young (0K), 0 survivors (0K)
 Metaspace       used 54112K, committed 55616K, reserved 1097728K
  class space    used 7449K, committed 7808K, reserved 1048576K
}

